C:\Users\jacob\Desktop\Coding\Lumin\SocialMedia\wwwroot\js\Ajax.js
C:\Users\jacob\Desktop\Coding\Lumin\SocialMedia\wwwroot\js\Ajax.js.map
C:\Users\jacob\Desktop\Coding\Lumin\SocialMedia\wwwroot\js\ConfirmPrompt.js
C:\Users\jacob\Desktop\Coding\Lumin\SocialMedia\wwwroot\js\ConfirmPrompt.js.map
C:\Users\jacob\Desktop\Coding\Lumin\SocialMedia\wwwroot\js\ContextMenu.js
C:\Users\jacob\Desktop\Coding\Lumin\SocialMedia\wwwroot\js\ContextMenu.js.map
C:\Users\jacob\Desktop\Coding\Lumin\SocialMedia\wwwroot\js\ContextOption.js
C:\Users\jacob\Desktop\Coding\Lumin\SocialMedia\wwwroot\js\ContextOption.js.map
C:\Users\jacob\Desktop\Coding\Lumin\SocialMedia\wwwroot\js\IAppendable.js
C:\Users\jacob\Desktop\Coding\Lumin\SocialMedia\wwwroot\js\IAppendable.js.map
C:\Users\jacob\Desktop\Coding\Lumin\SocialMedia\wwwroot\js\Main.js
C:\Users\jacob\Desktop\Coding\Lumin\SocialMedia\wwwroot\js\Main.js.map
C:\Users\jacob\Desktop\Coding\Lumin\SocialMedia\wwwroot\js\NavBar.js
C:\Users\jacob\Desktop\Coding\Lumin\SocialMedia\wwwroot\js\NavBar.js.map
C:\Users\jacob\Desktop\Coding\Lumin\SocialMedia\wwwroot\js\PublicPosts.js
C:\Users\jacob\Desktop\Coding\Lumin\SocialMedia\wwwroot\js\PublicPosts.js.map
C:\Users\jacob\Desktop\Coding\Lumin\SocialMedia\wwwroot\js\Repo.js
C:\Users\jacob\Desktop\Coding\Lumin\SocialMedia\wwwroot\js\Repo.js.map
C:\Users\jacob\Desktop\Coding\Lumin\SocialMedia\wwwroot\js\User.js
C:\Users\jacob\Desktop\Coding\Lumin\SocialMedia\wwwroot\js\User.js.map
C:\Users\jacob\Desktop\Coding\Lumin\SocialMedia\wwwroot\js\Cards\Card.js
C:\Users\jacob\Desktop\Coding\Lumin\SocialMedia\wwwroot\js\Cards\Card.js.map
C:\Users\jacob\Desktop\Coding\Lumin\SocialMedia\wwwroot\js\Cards\CommentCard.js
C:\Users\jacob\Desktop\Coding\Lumin\SocialMedia\wwwroot\js\Cards\CommentCard.js.map
C:\Users\jacob\Desktop\Coding\Lumin\SocialMedia\wwwroot\js\Cards\ImageCard.js
C:\Users\jacob\Desktop\Coding\Lumin\SocialMedia\wwwroot\js\Cards\ImageCard.js.map
C:\Users\jacob\Desktop\Coding\Lumin\SocialMedia\wwwroot\js\Cards\LikeCard.js
C:\Users\jacob\Desktop\Coding\Lumin\SocialMedia\wwwroot\js\Cards\LikeCard.js.map
C:\Users\jacob\Desktop\Coding\Lumin\SocialMedia\wwwroot\js\Cards\PostCard.js
C:\Users\jacob\Desktop\Coding\Lumin\SocialMedia\wwwroot\js\Cards\PostCard.js.map
C:\Users\jacob\Desktop\Coding\Lumin\SocialMedia\wwwroot\js\Cards\ProfileCard.js
C:\Users\jacob\Desktop\Coding\Lumin\SocialMedia\wwwroot\js\Cards\ProfileCard.js.map
C:\Users\jacob\Desktop\Coding\Lumin\SocialMedia\wwwroot\js\Components\ContentBox.js
C:\Users\jacob\Desktop\Coding\Lumin\SocialMedia\wwwroot\js\Components\ContentBox.js.map
C:\Users\jacob\Desktop\Coding\Lumin\SocialMedia\wwwroot\js\Components\DoubleEditor.js
C:\Users\jacob\Desktop\Coding\Lumin\SocialMedia\wwwroot\js\Components\DoubleEditor.js.map
C:\Users\jacob\Desktop\Coding\Lumin\SocialMedia\wwwroot\js\Components\Editor.js
C:\Users\jacob\Desktop\Coding\Lumin\SocialMedia\wwwroot\js\Components\Editor.js.map
C:\Users\jacob\Desktop\Coding\Lumin\SocialMedia\wwwroot\js\Components\ImageBox.js
C:\Users\jacob\Desktop\Coding\Lumin\SocialMedia\wwwroot\js\Components\ImageBox.js.map
C:\Users\jacob\Desktop\Coding\Lumin\SocialMedia\wwwroot\js\Dropdowns\Dropdown.js
C:\Users\jacob\Desktop\Coding\Lumin\SocialMedia\wwwroot\js\Dropdowns\Dropdown.js.map
C:\Users\jacob\Desktop\Coding\Lumin\SocialMedia\wwwroot\js\Dropdowns\FriendDropdown.js
C:\Users\jacob\Desktop\Coding\Lumin\SocialMedia\wwwroot\js\Dropdowns\FriendDropdown.js.map
C:\Users\jacob\Desktop\Coding\Lumin\SocialMedia\wwwroot\js\Dropdowns\ImageDropdown.js
C:\Users\jacob\Desktop\Coding\Lumin\SocialMedia\wwwroot\js\Dropdowns\ImageDropdown.js.map
C:\Users\jacob\Desktop\Coding\Lumin\SocialMedia\wwwroot\js\Modals\CreatePostModal.js
C:\Users\jacob\Desktop\Coding\Lumin\SocialMedia\wwwroot\js\Modals\CreatePostModal.js.map
C:\Users\jacob\Desktop\Coding\Lumin\SocialMedia\wwwroot\js\Modals\FullSizeImageModal.js
C:\Users\jacob\Desktop\Coding\Lumin\SocialMedia\wwwroot\js\Modals\FullSizeImageModal.js.map
C:\Users\jacob\Desktop\Coding\Lumin\SocialMedia\wwwroot\js\Modals\HelpModal.js
C:\Users\jacob\Desktop\Coding\Lumin\SocialMedia\wwwroot\js\Modals\HelpModal.js.map
C:\Users\jacob\Desktop\Coding\Lumin\SocialMedia\wwwroot\js\Modals\Modal.js
C:\Users\jacob\Desktop\Coding\Lumin\SocialMedia\wwwroot\js\Modals\Modal.js.map
C:\Users\jacob\Desktop\Coding\Lumin\SocialMedia\wwwroot\js\Modals\ProfileModal.js
C:\Users\jacob\Desktop\Coding\Lumin\SocialMedia\wwwroot\js\Modals\ProfileModal.js.map
C:\Users\jacob\Desktop\Coding\Lumin\SocialMedia\wwwroot\js\Modals\UploadImageModal.js
C:\Users\jacob\Desktop\Coding\Lumin\SocialMedia\wwwroot\js\Modals\UploadImageModal.js.map
C:\Users\jacob\Desktop\Coding\Lumin\SocialMedia\wwwroot\js\Records\CommentRecord.js
C:\Users\jacob\Desktop\Coding\Lumin\SocialMedia\wwwroot\js\Records\CommentRecord.js.map
C:\Users\jacob\Desktop\Coding\Lumin\SocialMedia\wwwroot\js\Records\FullProfileRecord.js
C:\Users\jacob\Desktop\Coding\Lumin\SocialMedia\wwwroot\js\Records\FullProfileRecord.js.map
C:\Users\jacob\Desktop\Coding\Lumin\SocialMedia\wwwroot\js\Records\ImageRecord.js
C:\Users\jacob\Desktop\Coding\Lumin\SocialMedia\wwwroot\js\Records\ImageRecord.js.map
C:\Users\jacob\Desktop\Coding\Lumin\SocialMedia\wwwroot\js\Records\LikesRecord.js
C:\Users\jacob\Desktop\Coding\Lumin\SocialMedia\wwwroot\js\Records\LikesRecord.js.map
C:\Users\jacob\Desktop\Coding\Lumin\SocialMedia\wwwroot\js\Records\PostRecord.js
C:\Users\jacob\Desktop\Coding\Lumin\SocialMedia\wwwroot\js\Records\PostRecord.js.map
C:\Users\jacob\Desktop\Coding\Lumin\SocialMedia\wwwroot\js\Records\ProfileRecord.js
C:\Users\jacob\Desktop\Coding\Lumin\SocialMedia\wwwroot\js\Records\ProfileRecord.js.map
C:\Users\jacob\Desktop\Coding\Lumin\SocialMedia\wwwroot\js\Util\Icons.js
C:\Users\jacob\Desktop\Coding\Lumin\SocialMedia\wwwroot\js\Util\Icons.js.map
C:\Users\jacob\Desktop\Coding\Lumin\SocialMedia\wwwroot\js\Util\Stage.js
C:\Users\jacob\Desktop\Coding\Lumin\SocialMedia\wwwroot\js\Util\Stage.js.map
C:\Users\jacob\Desktop\Coding\Lumin\SocialMedia\wwwroot\js\Util\StageFlag.js
C:\Users\jacob\Desktop\Coding\Lumin\SocialMedia\wwwroot\js\Util\StageFlag.js.map
C:\Users\jacob\Desktop\Coding\Lumin\SocialMedia\wwwroot\js\Util\Util.js
C:\Users\jacob\Desktop\Coding\Lumin\SocialMedia\wwwroot\js\Util\Util.js.map
C:\Users\jacob\Desktop\Coding\Lumin\SocialMedia\wwwroot\js\Util\ViewUtil.js
C:\Users\jacob\Desktop\Coding\Lumin\SocialMedia\wwwroot\js\Util\ViewUtil.js.map
C:\Users\jacob\Desktop\Coding\Lumin\SocialMedia\wwwroot\js\Components\ContentBoxes\CommentsBox.js
C:\Users\jacob\Desktop\Coding\Lumin\SocialMedia\wwwroot\js\Components\ContentBoxes\CommentsBox.js.map
C:\Users\jacob\Desktop\Coding\Lumin\SocialMedia\wwwroot\js\Components\ContentBoxes\PostsBox.js
C:\Users\jacob\Desktop\Coding\Lumin\SocialMedia\wwwroot\js\Components\ContentBoxes\PostsBox.js.map
C:\Users\jacob\Desktop\Coding\Lumin\SocialMedia\wwwroot\js\Components\ContentBoxes\ProfileImagesBox.js
C:\Users\jacob\Desktop\Coding\Lumin\SocialMedia\wwwroot\js\Components\ContentBoxes\ProfileImagesBox.js.map
